<?xml version="1.0" encoding="UTF-8"?>
<!-- Generated by org.testng.reporters.JUnitXMLReporter -->
<testsuite ignored="8" hostname="Haris-PC" failures="3" tests="5" name="Test" time="132.947" errors="0" timestamp="2025-12-20T09:30:24 IST">
  <testcase classname="testNG.CreateCampaignTest" name="createCampaignWithMandatoryDetails" time="4.436">
    <failure type="java.lang.AssertionError" message="The following asserts failed:
	expected [Campaign Instagram Successfully Added] but found [Campaign is Not Added]">
      <![CDATA[java.lang.AssertionError: The following asserts failed:
expected [Campaign Instagram Successfully Added] but found [Campaign is Not Added]
at testNG.CreateCampaignTest.createCampaignWithMandatoryDetails(CreateCampaignTest.java:40)
at java.base/java.util.ArrayList.forEach(ArrayList.java:1596)
... Removed 27 stack frames]]>
    </failure>
  </testcase> <!-- createCampaignWithMandatoryDetails -->
  <testcase classname="testNG.CreateCampaignTest" name="createCampaignWithStatus" time="5.906">
    <failure type="java.lang.AssertionError" message="The following asserts failed:
	expected [Campaign Instagram Successfully Added] but found [Campaign is Not Added]">
      <![CDATA[java.lang.AssertionError: The following asserts failed:
expected [Campaign Instagram Successfully Added] but found [Campaign is Not Added]
at testNG.CreateCampaignTest.createCampaignWithStatus(CreateCampaignTest.java:73)
at java.base/java.util.ArrayList.forEach(ArrayList.java:1596)
... Removed 27 stack frames]]>
    </failure>
  </testcase> <!-- createCampaignWithStatus -->
  <testcase classname="testNG.CreateCampaignTest" name="createCampaignWithExpectedCloseDate" time="3.108">
    <failure type="java.lang.AssertionError" message="The following asserts failed:
	expected [Campaign Instagram Successfully Added] but found [Campaign is Not Added]">
      <![CDATA[java.lang.AssertionError: The following asserts failed:
expected [Campaign Instagram Successfully Added] but found [Campaign is Not Added]
at testNG.CreateCampaignTest.createCampaignWithExpectedCloseDate(CreateCampaignTest.java:105)
at java.base/java.util.ArrayList.forEach(ArrayList.java:1596)
... Removed 27 stack frames]]>
    </failure>
  </testcase> <!-- createCampaignWithExpectedCloseDate -->
  <testcase classname="testNG.CreateProductTest" name="createProductWithMandatoryDetails" time="5.272"/>
  <testcase classname="testNG.CreateContactTest" name="createContactWithMandatoryDetails" time="6.615"/>
  <testcase classname="com.comcast.crm.genricUtilities.BaseClass" name="@BeforeSuite beforeSuite" time="0.0">
    <ignored/>
  </testcase> <!-- @BeforeSuite beforeSuite -->
  <testcase classname="com.comcast.crm.genricUtilities.BaseClass" name="@BeforeSuite beforeSuite" time="0.0">
    <ignored/>
  </testcase> <!-- @BeforeSuite beforeSuite -->
  <testcase classname="com.comcast.crm.genricUtilities.BaseClass" name="@AfterSuite afterSuite" time="0.0">
    <ignored/>
  </testcase> <!-- @AfterSuite afterSuite -->
  <testcase classname="com.comcast.crm.genricUtilities.BaseClass" name="@BeforeTest beforeTest" time="0.0">
    <ignored/>
  </testcase> <!-- @BeforeTest beforeTest -->
  <testcase classname="com.comcast.crm.genricUtilities.BaseClass" name="@AfterTest afterTest" time="0.0">
    <ignored/>
  </testcase> <!-- @AfterTest afterTest -->
  <testcase classname="com.comcast.crm.genricUtilities.BaseClass" name="@AfterTest afterTest" time="0.0">
    <ignored/>
  </testcase> <!-- @AfterTest afterTest -->
  <testcase classname="com.comcast.crm.genricUtilities.BaseClass" name="@AfterSuite afterSuite" time="0.0">
    <ignored/>
  </testcase> <!-- @AfterSuite afterSuite -->
  <testcase classname="com.comcast.crm.genricUtilities.BaseClass" name="@BeforeTest beforeTest" time="0.0">
    <ignored/>
  </testcase> <!-- @BeforeTest beforeTest -->
</testsuite> <!-- Test -->
