<?xml version="1.0" encoding="UTF-8"?>
<!-- Generated by org.testng.reporters.JUnitXMLReporter -->
<testsuite ignored="8" hostname="Haris-PC" failures="0" tests="5" name="Test1" time="98.31" errors="0" timestamp="2025-12-14T08:48:48 IST">
  <testcase classname="testNG.CreateCampaignTest" name="createCampaignWithMandatoryDetails" time="4.982"/>
  <testcase classname="testNG.CreateContactTest" name="createContactWithMandatoryDetails" time="7.387"/>
  <testcase classname="testNG.CreateProductTest" name="createProductWithMandatoryDetails" time="4.643"/>
  <testcase classname="testNG.CreateCampaignTest" name="createCampaignWithStatus" time="3.091"/>
  <testcase classname="testNG.CreateCampaignTest" name="createCampaignWithExpectedCloseDate" time="3.656"/>
  <testcase classname="com.comcast.crm.genricUtilities.BaseClass" name="@AfterTest afterTest" time="0.0">
    <ignored/>
  </testcase> <!-- @AfterTest afterTest -->
  <testcase classname="com.comcast.crm.genricUtilities.BaseClass" name="@BeforeTest beforeTest" time="0.0">
    <ignored/>
  </testcase> <!-- @BeforeTest beforeTest -->
  <testcase classname="com.comcast.crm.genricUtilities.BaseClass" name="@AfterTest afterTest" time="0.0">
    <ignored/>
  </testcase> <!-- @AfterTest afterTest -->
  <testcase classname="com.comcast.crm.genricUtilities.BaseClass" name="@BeforeSuite beforeSuite" time="0.0">
    <ignored/>
  </testcase> <!-- @BeforeSuite beforeSuite -->
  <testcase classname="com.comcast.crm.genricUtilities.BaseClass" name="@BeforeSuite beforeSuite" time="0.0">
    <ignored/>
  </testcase> <!-- @BeforeSuite beforeSuite -->
  <testcase classname="com.comcast.crm.genricUtilities.BaseClass" name="@AfterSuite afterSuite" time="0.0">
    <ignored/>
  </testcase> <!-- @AfterSuite afterSuite -->
  <testcase classname="com.comcast.crm.genricUtilities.BaseClass" name="@AfterSuite afterSuite" time="0.0">
    <ignored/>
  </testcase> <!-- @AfterSuite afterSuite -->
  <testcase classname="com.comcast.crm.genricUtilities.BaseClass" name="@BeforeTest beforeTest" time="0.0">
    <ignored/>
  </testcase> <!-- @BeforeTest beforeTest -->
</testsuite> <!-- Test1 -->
