<?xml version="1.0" encoding="UTF-8"?>
<testng-results ignored="0" total="0" passed="0" failed="0" skipped="0">
  <reporter-output>
    <line>
      <![CDATA[Report configuration]]>
    </line>
    <line>
      <![CDATA[closing browser]]>
    </line>
    <line>
      <![CDATA[Post Conditions]]>
    </line>
    <line>
      <![CDATA[Report configuration]]>
    </line>
    <line>
      <![CDATA[closing browser]]>
    </line>
    <line>
      <![CDATA[Post Conditions]]>
    </line>
    <line>
      <![CDATA[Report configuration]]>
    </line>
    <line>
      <![CDATA[Disconnect DB]]>
    </line>
  </reporter-output>
  <suite started-at="2025-12-26T22:05:19 IST" name="Suite" finished-at="2025-12-26T22:05:19 IST" duration-ms="0">
    <groups>
      <group name="smoke">
        <method signature="CreateCampaignTest.createCampaignWithMandatoryDetails()[pri:0, instance:testNG.CreateCampaignTest@fa4c865]" name="createCampaignWithMandatoryDetails" class="testNG.CreateCampaignTest"/>
        <method signature="CreateContactTest.createContactWithMandatoryDetails()[pri:0, instance:testNG.CreateContactTest@5e5d171f]" name="createContactWithMandatoryDetails" class="testNG.CreateContactTest"/>
        <method signature="CreateProductTest.createProductWithMandatoryDetails()[pri:0, instance:testNG.CreateProductTest@5c90e579]" name="createProductWithMandatoryDetails" class="testNG.CreateProductTest"/>
      </group> <!-- smoke -->
    </groups>
  </suite> <!-- Suite -->
</testng-results>
