<?xml version="1.0" encoding="UTF-8"?>
<testng-results ignored="0" total="5" passed="2" failed="3" skipped="0">
  <reporter-output>
    <line>
      <![CDATA[Report configuration]]>
    </line>
    <line>
      <![CDATA[closing browser]]>
    </line>
    <line>
      <![CDATA[closing browser]]>
    </line>
    <line>
      <![CDATA[closing browser]]>
    </line>
    <line>
      <![CDATA[Post Conditions]]>
    </line>
    <line>
      <![CDATA[Disconnect DB]]>
    </line>
  </reporter-output>
  <suite started-at="2025-12-20T09:28:11 IST" name="Suite" finished-at="2025-12-20T09:30:24 IST" duration-ms="132947">
    <groups>
      <group name="smoke">
        <method signature="CreateCampaignTest.createCampaignWithMandatoryDetails()[pri:0, instance:testNG.CreateCampaignTest@247bddad]" name="createCampaignWithMandatoryDetails" class="testNG.CreateCampaignTest"/>
        <method signature="CreateContactTest.createContactWithMandatoryDetails()[pri:0, instance:testNG.CreateContactTest@41a2befb]" name="createContactWithMandatoryDetails" class="testNG.CreateContactTest"/>
        <method signature="CreateProductTest.createProductWithMandatoryDetails()[pri:0, instance:testNG.CreateProductTest@77f1baf5]" name="createProductWithMandatoryDetails" class="testNG.CreateProductTest"/>
      </group> <!-- smoke -->
    </groups>
    <test started-at="2025-12-20T09:28:11 IST" name="Test" finished-at="2025-12-20T09:30:24 IST" duration-ms="132947">
      <class name="testNG.CreateContactTest">
        <test-method is-config="true" signature="beforeClass()[pri:0, instance:testNG.CreateContactTest@41a2befb]" started-at="2025-12-20T09:29:58 IST" name="beforeClass" finished-at="2025-12-20T09:30:02 IST" duration-ms="4343" status="PASS">
          <reporter-output>
          </reporter-output>
        </test-method> <!-- beforeClass -->
        <test-method is-config="true" signature="beforeMethod()[pri:0, instance:testNG.CreateContactTest@41a2befb]" started-at="2025-12-20T09:30:02 IST" name="beforeMethod" finished-at="2025-12-20T09:30:04 IST" duration-ms="2479" status="PASS">
          <reporter-output>
          </reporter-output>
        </test-method> <!-- beforeMethod -->
        <test-method signature="createContactWithMandatoryDetails()[pri:0, instance:testNG.CreateContactTest@41a2befb]" started-at="2025-12-20T09:30:04 IST" name="createContactWithMandatoryDetails" finished-at="2025-12-20T09:30:11 IST" duration-ms="6615" status="PASS">
          <reporter-output>
          </reporter-output>
        </test-method> <!-- createContactWithMandatoryDetails -->
        <test-method is-config="true" signature="afterMethod()[pri:0, instance:testNG.CreateContactTest@41a2befb]" started-at="2025-12-20T09:30:11 IST" name="afterMethod" finished-at="2025-12-20T09:30:13 IST" duration-ms="2275" status="PASS">
          <reporter-output>
          </reporter-output>
        </test-method> <!-- afterMethod -->
        <test-method is-config="true" signature="AfterClass()[pri:0, instance:testNG.CreateContactTest@41a2befb]" started-at="2025-12-20T09:30:13 IST" name="AfterClass" finished-at="2025-12-20T09:30:24 IST" duration-ms="10338" status="PASS">
          <reporter-output>
            <line>
              <![CDATA[closing browser]]>
            </line>
          </reporter-output>
        </test-method> <!-- AfterClass -->
      </class> <!-- testNG.CreateContactTest -->
      <class name="testNG.CreateCampaignTest">
        <test-method is-config="true" signature="beforeSuite()[pri:0, instance:testNG.CreateCampaignTest@247bddad]" started-at="2025-12-20T09:28:11 IST" name="beforeSuite" finished-at="2025-12-20T09:28:11 IST" duration-ms="41" status="PASS">
          <reporter-output>
          </reporter-output>
        </test-method> <!-- beforeSuite -->
        <test-method is-config="true" signature="beforeTest()[pri:0, instance:testNG.CreateCampaignTest@247bddad]" started-at="2025-12-20T09:28:11 IST" name="beforeTest" finished-at="2025-12-20T09:28:11 IST" duration-ms="3" status="PASS">
          <reporter-output>
          </reporter-output>
        </test-method> <!-- beforeTest -->
        <test-method is-config="true" signature="beforeClass()[pri:0, instance:testNG.CreateCampaignTest@247bddad]" started-at="2025-12-20T09:28:11 IST" name="beforeClass" finished-at="2025-12-20T09:28:18 IST" duration-ms="7458" status="PASS">
          <reporter-output>
          </reporter-output>
        </test-method> <!-- beforeClass -->
        <test-method is-config="true" signature="beforeMethod()[pri:0, instance:testNG.CreateCampaignTest@247bddad]" started-at="2025-12-20T09:28:18 IST" name="beforeMethod" finished-at="2025-12-20T09:28:22 IST" duration-ms="3324" status="PASS">
          <reporter-output>
          </reporter-output>
        </test-method> <!-- beforeMethod -->
        <test-method signature="createCampaignWithMandatoryDetails()[pri:0, instance:testNG.CreateCampaignTest@247bddad]" started-at="2025-12-20T09:28:22 IST" name="createCampaignWithMandatoryDetails" finished-at="2025-12-20T09:28:26 IST" duration-ms="4436" status="FAIL">
          <exception class="java.lang.AssertionError">
            <message>
              <![CDATA[The following asserts failed:
expected [Campaign Instagram Successfully Added] but found [Campaign is Not Added]]]>
            </message>
            <full-stacktrace>
              <![CDATA[java.lang.AssertionError: The following asserts failed:
expected [Campaign Instagram Successfully Added] but found [Campaign is Not Added]
at org.testng.asserts.SoftAssert.assertAll(SoftAssert.java:46)
at org.testng.asserts.SoftAssert.assertAll(SoftAssert.java:30)
at testNG.CreateCampaignTest.createCampaignWithMandatoryDetails(CreateCampaignTest.java:40)
at java.base/jdk.internal.reflect.DirectMethodHandleAccessor.invoke(DirectMethodHandleAccessor.java:103)
at java.base/java.lang.reflect.Method.invoke(Method.java:580)
at org.testng.internal.invokers.MethodInvocationHelper.invokeMethod(MethodInvocationHelper.java:141)
at org.testng.internal.invokers.TestInvoker.invokeMethod(TestInvoker.java:687)
at org.testng.internal.invokers.TestInvoker.invokeTestMethod(TestInvoker.java:230)
at org.testng.internal.invokers.MethodRunner.runInSequence(MethodRunner.java:63)
at org.testng.internal.invokers.TestInvoker$MethodInvocationAgent.invoke(TestInvoker.java:995)
at org.testng.internal.invokers.TestInvoker.invokeTestMethods(TestInvoker.java:203)
at org.testng.internal.invokers.TestMethodWorker.invokeTestMethods(TestMethodWorker.java:154)
at org.testng.internal.invokers.TestMethodWorker.run(TestMethodWorker.java:134)
at java.base/java.util.ArrayList.forEach(ArrayList.java:1596)
at org.testng.TestRunner.privateRun(TestRunner.java:741)
at org.testng.TestRunner.run(TestRunner.java:616)
at org.testng.SuiteRunner.runTest(SuiteRunner.java:421)
at org.testng.SuiteRunner.runSequentially(SuiteRunner.java:413)
at org.testng.SuiteRunner.privateRun(SuiteRunner.java:373)
at org.testng.SuiteRunner.run(SuiteRunner.java:312)
at org.testng.SuiteRunnerWorker.runSuite(SuiteRunnerWorker.java:52)
at org.testng.SuiteRunnerWorker.run(SuiteRunnerWorker.java:95)
at org.testng.TestNG.runSuitesSequentially(TestNG.java:1274)
at org.testng.TestNG.runSuitesLocally(TestNG.java:1208)
at org.testng.TestNG.runSuites(TestNG.java:1112)
at org.testng.TestNG.run(TestNG.java:1079)
at org.testng.remote.AbstractRemoteTestNG.run(AbstractRemoteTestNG.java:115)
at org.testng.remote.RemoteTestNG.initAndRun(RemoteTestNG.java:293)
at org.testng.remote.RemoteTestNG.main(RemoteTestNG.java:91)
]]>
            </full-stacktrace>
          </exception> <!-- java.lang.AssertionError -->
          <reporter-output>
          </reporter-output>
        </test-method> <!-- createCampaignWithMandatoryDetails -->
        <test-method is-config="true" signature="afterMethod()[pri:0, instance:testNG.CreateCampaignTest@247bddad]" started-at="2025-12-20T09:28:26 IST" name="afterMethod" finished-at="2025-12-20T09:28:29 IST" duration-ms="2565" status="PASS">
          <reporter-output>
          </reporter-output>
        </test-method> <!-- afterMethod -->
        <test-method is-config="true" signature="beforeMethod()[pri:0, instance:testNG.CreateCampaignTest@247bddad]" started-at="2025-12-20T09:28:29 IST" name="beforeMethod" finished-at="2025-12-20T09:28:32 IST" duration-ms="2643" status="PASS">
          <reporter-output>
          </reporter-output>
        </test-method> <!-- beforeMethod -->
        <test-method signature="createCampaignWithStatus()[pri:1, instance:testNG.CreateCampaignTest@247bddad]" started-at="2025-12-20T09:28:32 IST" name="createCampaignWithStatus" finished-at="2025-12-20T09:28:38 IST" duration-ms="5906" status="FAIL">
          <exception class="java.lang.AssertionError">
            <message>
              <![CDATA[The following asserts failed:
expected [Campaign Instagram Successfully Added] but found [Campaign is Not Added]]]>
            </message>
            <full-stacktrace>
              <![CDATA[java.lang.AssertionError: The following asserts failed:
expected [Campaign Instagram Successfully Added] but found [Campaign is Not Added]
at org.testng.asserts.SoftAssert.assertAll(SoftAssert.java:46)
at org.testng.asserts.SoftAssert.assertAll(SoftAssert.java:30)
at testNG.CreateCampaignTest.createCampaignWithStatus(CreateCampaignTest.java:73)
at java.base/jdk.internal.reflect.DirectMethodHandleAccessor.invoke(DirectMethodHandleAccessor.java:103)
at java.base/java.lang.reflect.Method.invoke(Method.java:580)
at org.testng.internal.invokers.MethodInvocationHelper.invokeMethod(MethodInvocationHelper.java:141)
at org.testng.internal.invokers.TestInvoker.invokeMethod(TestInvoker.java:687)
at org.testng.internal.invokers.TestInvoker.invokeTestMethod(TestInvoker.java:230)
at org.testng.internal.invokers.MethodRunner.runInSequence(MethodRunner.java:63)
at org.testng.internal.invokers.TestInvoker$MethodInvocationAgent.invoke(TestInvoker.java:995)
at org.testng.internal.invokers.TestInvoker.invokeTestMethods(TestInvoker.java:203)
at org.testng.internal.invokers.TestMethodWorker.invokeTestMethods(TestMethodWorker.java:154)
at org.testng.internal.invokers.TestMethodWorker.run(TestMethodWorker.java:134)
at java.base/java.util.ArrayList.forEach(ArrayList.java:1596)
at org.testng.TestRunner.privateRun(TestRunner.java:741)
at org.testng.TestRunner.run(TestRunner.java:616)
at org.testng.SuiteRunner.runTest(SuiteRunner.java:421)
at org.testng.SuiteRunner.runSequentially(SuiteRunner.java:413)
at org.testng.SuiteRunner.privateRun(SuiteRunner.java:373)
at org.testng.SuiteRunner.run(SuiteRunner.java:312)
at org.testng.SuiteRunnerWorker.runSuite(SuiteRunnerWorker.java:52)
at org.testng.SuiteRunnerWorker.run(SuiteRunnerWorker.java:95)
at org.testng.TestNG.runSuitesSequentially(TestNG.java:1274)
at org.testng.TestNG.runSuitesLocally(TestNG.java:1208)
at org.testng.TestNG.runSuites(TestNG.java:1112)
at org.testng.TestNG.run(TestNG.java:1079)
at org.testng.remote.AbstractRemoteTestNG.run(AbstractRemoteTestNG.java:115)
at org.testng.remote.RemoteTestNG.initAndRun(RemoteTestNG.java:293)
at org.testng.remote.RemoteTestNG.main(RemoteTestNG.java:91)
]]>
            </full-stacktrace>
          </exception> <!-- java.lang.AssertionError -->
          <reporter-output>
          </reporter-output>
        </test-method> <!-- createCampaignWithStatus -->
        <test-method is-config="true" signature="afterMethod()[pri:0, instance:testNG.CreateCampaignTest@247bddad]" started-at="2025-12-20T09:28:38 IST" name="afterMethod" finished-at="2025-12-20T09:28:41 IST" duration-ms="2909" status="PASS">
          <reporter-output>
          </reporter-output>
        </test-method> <!-- afterMethod -->
        <test-method is-config="true" signature="beforeMethod()[pri:0, instance:testNG.CreateCampaignTest@247bddad]" started-at="2025-12-20T09:28:41 IST" name="beforeMethod" finished-at="2025-12-20T09:28:44 IST" duration-ms="2570" status="PASS">
          <reporter-output>
          </reporter-output>
        </test-method> <!-- beforeMethod -->
        <test-method signature="createCampaignWithExpectedCloseDate()[pri:2, instance:testNG.CreateCampaignTest@247bddad]" started-at="2025-12-20T09:28:44 IST" name="createCampaignWithExpectedCloseDate" finished-at="2025-12-20T09:28:47 IST" duration-ms="3108" status="FAIL">
          <exception class="java.lang.AssertionError">
            <message>
              <![CDATA[The following asserts failed:
expected [Campaign Instagram Successfully Added] but found [Campaign is Not Added]]]>
            </message>
            <full-stacktrace>
              <![CDATA[java.lang.AssertionError: The following asserts failed:
expected [Campaign Instagram Successfully Added] but found [Campaign is Not Added]
at org.testng.asserts.SoftAssert.assertAll(SoftAssert.java:46)
at org.testng.asserts.SoftAssert.assertAll(SoftAssert.java:30)
at testNG.CreateCampaignTest.createCampaignWithExpectedCloseDate(CreateCampaignTest.java:105)
at java.base/jdk.internal.reflect.DirectMethodHandleAccessor.invoke(DirectMethodHandleAccessor.java:103)
at java.base/java.lang.reflect.Method.invoke(Method.java:580)
at org.testng.internal.invokers.MethodInvocationHelper.invokeMethod(MethodInvocationHelper.java:141)
at org.testng.internal.invokers.TestInvoker.invokeMethod(TestInvoker.java:687)
at org.testng.internal.invokers.TestInvoker.invokeTestMethod(TestInvoker.java:230)
at org.testng.internal.invokers.MethodRunner.runInSequence(MethodRunner.java:63)
at org.testng.internal.invokers.TestInvoker$MethodInvocationAgent.invoke(TestInvoker.java:995)
at org.testng.internal.invokers.TestInvoker.invokeTestMethods(TestInvoker.java:203)
at org.testng.internal.invokers.TestMethodWorker.invokeTestMethods(TestMethodWorker.java:154)
at org.testng.internal.invokers.TestMethodWorker.run(TestMethodWorker.java:134)
at java.base/java.util.ArrayList.forEach(ArrayList.java:1596)
at org.testng.TestRunner.privateRun(TestRunner.java:741)
at org.testng.TestRunner.run(TestRunner.java:616)
at org.testng.SuiteRunner.runTest(SuiteRunner.java:421)
at org.testng.SuiteRunner.runSequentially(SuiteRunner.java:413)
at org.testng.SuiteRunner.privateRun(SuiteRunner.java:373)
at org.testng.SuiteRunner.run(SuiteRunner.java:312)
at org.testng.SuiteRunnerWorker.runSuite(SuiteRunnerWorker.java:52)
at org.testng.SuiteRunnerWorker.run(SuiteRunnerWorker.java:95)
at org.testng.TestNG.runSuitesSequentially(TestNG.java:1274)
at org.testng.TestNG.runSuitesLocally(TestNG.java:1208)
at org.testng.TestNG.runSuites(TestNG.java:1112)
at org.testng.TestNG.run(TestNG.java:1079)
at org.testng.remote.AbstractRemoteTestNG.run(AbstractRemoteTestNG.java:115)
at org.testng.remote.RemoteTestNG.initAndRun(RemoteTestNG.java:293)
at org.testng.remote.RemoteTestNG.main(RemoteTestNG.java:91)
]]>
            </full-stacktrace>
          </exception> <!-- java.lang.AssertionError -->
          <reporter-output>
          </reporter-output>
        </test-method> <!-- createCampaignWithExpectedCloseDate -->
        <test-method is-config="true" signature="afterMethod()[pri:0, instance:testNG.CreateCampaignTest@247bddad]" started-at="2025-12-20T09:28:47 IST" name="afterMethod" finished-at="2025-12-20T09:28:50 IST" duration-ms="2676" status="PASS">
          <reporter-output>
          </reporter-output>
        </test-method> <!-- afterMethod -->
        <test-method is-config="true" signature="AfterClass()[pri:0, instance:testNG.CreateCampaignTest@247bddad]" started-at="2025-12-20T09:28:50 IST" name="AfterClass" finished-at="2025-12-20T09:29:21 IST" duration-ms="31137" status="PASS">
          <reporter-output>
            <line>
              <![CDATA[closing browser]]>
            </line>
          </reporter-output>
        </test-method> <!-- AfterClass -->
        <test-method is-config="true" signature="afterTest()[pri:0, instance:testNG.CreateCampaignTest@247bddad]" started-at="2025-12-20T09:30:24 IST" name="afterTest" finished-at="2025-12-20T09:30:24 IST" duration-ms="1" status="PASS">
          <reporter-output>
            <line>
              <![CDATA[Post Conditions]]>
            </line>
          </reporter-output>
        </test-method> <!-- afterTest -->
        <test-method is-config="true" signature="afterSuite()[pri:0, instance:testNG.CreateCampaignTest@247bddad]" started-at="2025-12-20T09:30:24 IST" name="afterSuite" finished-at="2025-12-20T09:30:24 IST" duration-ms="0" status="PASS">
          <reporter-output>
            <line>
              <![CDATA[Disconnect DB]]>
            </line>
          </reporter-output>
        </test-method> <!-- afterSuite -->
      </class> <!-- testNG.CreateCampaignTest -->
      <class name="testNG.CreateProductTest">
        <test-method is-config="true" signature="beforeClass()[pri:0, instance:testNG.CreateProductTest@77f1baf5]" started-at="2025-12-20T09:29:21 IST" name="beforeClass" finished-at="2025-12-20T09:29:25 IST" duration-ms="4342" status="PASS">
          <reporter-output>
          </reporter-output>
        </test-method> <!-- beforeClass -->
        <test-method is-config="true" signature="beforeMethod()[pri:0, instance:testNG.CreateProductTest@77f1baf5]" started-at="2025-12-20T09:29:25 IST" name="beforeMethod" finished-at="2025-12-20T09:29:28 IST" duration-ms="2972" status="PASS">
          <reporter-output>
          </reporter-output>
        </test-method> <!-- beforeMethod -->
        <test-method signature="createProductWithMandatoryDetails()[pri:0, instance:testNG.CreateProductTest@77f1baf5]" started-at="2025-12-20T09:29:28 IST" name="createProductWithMandatoryDetails" finished-at="2025-12-20T09:29:34 IST" duration-ms="5272" status="PASS">
          <reporter-output>
          </reporter-output>
        </test-method> <!-- createProductWithMandatoryDetails -->
        <test-method is-config="true" signature="afterMethod()[pri:0, instance:testNG.CreateProductTest@77f1baf5]" started-at="2025-12-20T09:29:34 IST" name="afterMethod" finished-at="2025-12-20T09:29:36 IST" duration-ms="2200" status="PASS">
          <reporter-output>
          </reporter-output>
        </test-method> <!-- afterMethod -->
        <test-method is-config="true" signature="AfterClass()[pri:0, instance:testNG.CreateProductTest@77f1baf5]" started-at="2025-12-20T09:29:36 IST" name="AfterClass" finished-at="2025-12-20T09:29:58 IST" duration-ms="21756" status="PASS">
          <reporter-output>
            <line>
              <![CDATA[closing browser]]>
            </line>
          </reporter-output>
        </test-method> <!-- AfterClass -->
      </class> <!-- testNG.CreateProductTest -->
    </test> <!-- Test -->
  </suite> <!-- Suite -->
</testng-results>
