<?xml version="1.0" encoding="UTF-8"?>
<!-- Generated by org.testng.reporters.JUnitReportReporter -->
<testsuite hostname="Haris-PC" failures="0" tests="4" name="pracTestNG.DemoDataProv" time="0.031" errors="0" timestamp="2025-12-22T18:45:27 IST" skipped="0">
  <testcase classname="pracTestNG.DemoDataProv" name="login" time="0.005">
    <system-out>
      <![CDATA[shekar====sk123]]>
    </system-out>
  </testcase> <!-- login -->
  <testcase classname="pracTestNG.DemoDataProv" name="login" time="0.003">
    <system-out>
      <![CDATA[nancy====n123]]>
    </system-out>
  </testcase> <!-- login -->
  <testcase classname="pracTestNG.DemoDataProv" name="login" time="0.018">
    <system-out>
      <![CDATA[divya====d123]]>
    </system-out>
  </testcase> <!-- login -->
  <testcase classname="pracTestNG.DemoDataProv" name="login" time="0.005">
    <system-out>
      <![CDATA[Shubha====s123]]>
    </system-out>
  </testcase> <!-- login -->
  <system-out>
    <![CDATA[divya====d123
Shubha====s123
nancy====n123
shekar====sk123]]>
  </system-out>
</testsuite> <!-- pracTestNG.DemoDataProv -->
