<?xml version="1.0" encoding="UTF-8"?>
<!-- Generated by org.testng.reporters.JUnitReportReporter -->
<testsuite hostname="Haris-PC" failures="0" tests="1" name="testNG.CreateProductTest" time="10.444" errors="0" timestamp="2025-12-20T09:30:27 IST" skipped="0">
  <testcase classname="testNG.CreateProductTest" name="createProductWithMandatoryDetails" time="10.444"/>
  <system-out>
    <![CDATA[Report configuration
closing browser
closing browser
closing browser
Post Conditions
Disconnect DB]]>
  </system-out>
</testsuite> <!-- testNG.CreateProductTest -->
