<?xml version="1.0" encoding="UTF-8"?>
<!-- Generated by org.testng.reporters.JUnitReportReporter -->
<testsuite hostname="Haris-PC" failures="0" tests="1" name="testNG.Dummy" time="0.021" errors="0" timestamp="2025-12-06T11:16:12 IST" skipped="0">
  <testcase classname="testNG.Dummy" name="Trial" time="0.021">
    <system-out>
      <![CDATA[Printed]]>
    </system-out>
  </testcase> <!-- Trial -->
  <system-out>
    <![CDATA[Printed]]>
  </system-out>
</testsuite> <!-- testNG.Dummy -->
