<?xml version="1.0" encoding="UTF-8"?>
<!-- Generated by org.testng.reporters.JUnitReportReporter -->
<testsuite hostname="Haris-PC" failures="0" tests="1" name="testNG.CreateContactTest" time="11.049" errors="0" timestamp="2025-12-15T17:36:23 IST" skipped="0">
  <testcase classname="testNG.CreateContactTest" name="createContactWithMandatoryDetails" time="11.049"/>
  <system-out>
    <![CDATA[Report configuration
closing browser
closing browser
closing browser
Post Conditions
Disconnect DB]]>
  </system-out>
</testsuite> <!-- testNG.CreateContactTest -->
